<?xml version="1.0" encoding="UTF-8"?>
<coverage generated="1459973389754" clover="3.2.0">
	<project timestamp="1459973389754"  name="All Files" >
		<metrics statements="80"  coveredstatements="30"  conditionals="12"  coveredconditionals="0"  methods="26"  coveredmethods="2"  elements="118"  coveredelements="32"  complexity="0"  packages="5"  files="5"  classes="5"  loc="252"  ncloc="252" />
		<package name="actions" >
			<metrics statements="11"  coveredstatements="4"  conditionals="0"  coveredconditionals="0"  methods="6"  coveredmethods="0" />
			<file name="userActions.js"  path="/Users/joshsilverstein/workspace/capstone/friendFinder/public/src/actions/userActions.js" >
				<metrics statements="11"  coveredstatements="4"  conditionals="0"  coveredconditionals="0"  methods="6"  coveredmethods="0" />
				<line num="1"  count="1"  type="stmt" />
				<line num="2"  count="1"  type="stmt" />
				<line num="4"  count="1"  type="stmt" />
				<line num="6"  count="0"  type="stmt" />
				<line num="14"  count="0"  type="stmt" />
				<line num="15"  count="0"  type="stmt" />
				<line num="20"  count="0"  type="stmt" />
				<line num="28"  count="0"  type="stmt" />
				<line num="36"  count="0"  type="stmt" />
				<line num="39"  count="0"  type="stmt" />
				<line num="48"  count="1"  type="stmt" />
			</file>
		</package>
		<package name="components" >
			<metrics statements="43"  coveredstatements="13"  conditionals="8"  coveredconditionals="0"  methods="14"  coveredmethods="2" />
			<file name="app.js"  path="/Users/joshsilverstein/workspace/capstone/friendFinder/public/src/components/app.js" >
				<metrics statements="43"  coveredstatements="13"  conditionals="8"  coveredconditionals="0"  methods="14"  coveredmethods="2" />
				<line num="2"  count="1"  type="stmt" />
				<line num="3"  count="1"  type="stmt" />
				<line num="4"  count="1"  type="stmt" />
				<line num="5"  count="1"  type="stmt" />
				<line num="6"  count="1"  type="stmt" />
				<line num="7"  count="1"  type="stmt" />
				<line num="8"  count="1"  type="stmt" />
				<line num="9"  count="1"  type="stmt" />
				<line num="10"  count="1"  type="stmt" />
				<line num="13"  count="1"  type="stmt" />
				<line num="15"  count="1"  type="stmt" />
				<line num="20"  count="1"  type="stmt" />
				<line num="23"  count="0"  type="stmt" />
				<line num="28"  count="0"  type="stmt" />
				<line num="29"  count="0"  type="stmt" />
				<line num="35"  count="0"  type="stmt" />
				<line num="36"  count="0"  type="stmt" />
				<line num="56"  count="0"  type="stmt" />
				<line num="57"  count="0"  type="stmt" />
				<line num="59"  count="0"  type="stmt" />
				<line num="61"  count="0"  type="stmt" />
				<line num="62"  count="0"  type="stmt" />
				<line num="69"  count="0"  type="cond"  truecount="0"  falsecount="2" />
				<line num="70"  count="0"  type="stmt" />
				<line num="75"  count="0"  type="stmt" />
				<line num="76"  count="0"  type="stmt" />
				<line num="83"  count="0"  type="stmt" />
				<line num="84"  count="0"  type="stmt" />
				<line num="85"  count="0"  type="cond"  truecount="0"  falsecount="2" />
				<line num="86"  count="0"  type="stmt" />
				<line num="87"  count="0"  type="stmt" />
				<line num="88"  count="0"  type="stmt" />
				<line num="94"  count="0"  type="stmt" />
				<line num="95"  count="0"  type="stmt" />
				<line num="96"  count="0"  type="stmt" />
				<line num="97"  count="0"  type="stmt" />
				<line num="102"  count="0"  type="cond"  truecount="0"  falsecount="2" />
				<line num="103"  count="0"  type="stmt" />
				<line num="105"  count="0"  type="cond"  truecount="0"  falsecount="2" />
				<line num="106"  count="0"  type="stmt" />
				<line num="112"  count="0"  type="stmt" />
				<line num="116"  count="0"  type="stmt" />
				<line num="131"  count="1"  type="stmt" />
			</file>
		</package>
		<package name="constants" >
			<metrics statements="1"  coveredstatements="1"  conditionals="0"  coveredconditionals="0"  methods="0"  coveredmethods="0" />
			<file name="actionTypes.js"  path="/Users/joshsilverstein/workspace/capstone/friendFinder/public/src/constants/actionTypes.js" >
				<metrics statements="1"  coveredstatements="1"  conditionals="0"  coveredconditionals="0"  methods="0"  coveredmethods="0" />
				<line num="1"  count="1"  type="stmt" />
			</file>
		</package>
		<package name="dispatcher" >
			<metrics statements="2"  coveredstatements="2"  conditionals="0"  coveredconditionals="0"  methods="0"  coveredmethods="0" />
			<file name="appDispatcher.js"  path="/Users/joshsilverstein/workspace/capstone/friendFinder/public/src/dispatcher/appDispatcher.js" >
				<metrics statements="2"  coveredstatements="2"  conditionals="0"  coveredconditionals="0"  methods="0"  coveredmethods="0" />
				<line num="1"  count="1"  type="stmt" />
				<line num="3"  count="1"  type="stmt" />
			</file>
		</package>
		<package name="stores" >
			<metrics statements="23"  coveredstatements="10"  conditionals="4"  coveredconditionals="0"  methods="6"  coveredmethods="0" />
			<file name="userStore.js"  path="/Users/joshsilverstein/workspace/capstone/friendFinder/public/src/stores/userStore.js" >
				<metrics statements="23"  coveredstatements="10"  conditionals="4"  coveredconditionals="0"  methods="6"  coveredmethods="0" />
				<line num="1"  count="1"  type="stmt" />
				<line num="2"  count="1"  type="stmt" />
				<line num="3"  count="1"  type="stmt" />
				<line num="4"  count="1"  type="stmt" />
				<line num="5"  count="1"  type="stmt" />
				<line num="6"  count="1"  type="stmt" />
				<line num="7"  count="1"  type="stmt" />
				<line num="9"  count="1"  type="stmt" />
				<line num="11"  count="0"  type="stmt" />
				<line num="15"  count="0"  type="stmt" />
				<line num="19"  count="0"  type="stmt" />
				<line num="24"  count="0"  type="stmt" />
				<line num="29"  count="0"  type="stmt" />
				<line num="36"  count="1"  type="stmt" />
				<line num="38"  count="0"  type="cond"  truecount="0"  falsecount="2" />
				<line num="41"  count="0"  type="stmt" />
				<line num="42"  count="0"  type="stmt" />
				<line num="44"  count="0"  type="stmt" />
				<line num="46"  count="0"  type="cond"  truecount="0"  falsecount="2" />
				<line num="47"  count="0"  type="stmt" />
				<line num="49"  count="0"  type="stmt" />
				<line num="50"  count="0"  type="stmt" />
				<line num="69"  count="1"  type="stmt" />
			</file>
		</package>
	</project>
</coverage>
