{
"/Users/joshsilverstein/workspace/capstone/friendFinder/public/src/components/app.js":{"path":"/Users/joshsilverstein/workspace/capstone/friendFinder/public/src/components/app.js","s":{"1":1,"2":1,"3":1,"4":1,"5":1,"6":1,"7":1,"8":1,"9":1,"10":1,"11":1,"12":1,"13":0,"14":0,"15":0,"16":0,"17":0,"18":0,"19":0,"20":0,"21":0,"22":0,"23":0,"24":0,"25":0,"26":0,"27":0,"28":0,"29":0,"30":0,"31":0,"32":0,"33":0,"34":0,"35":0,"36":0,"37":0,"38":0,"39":0,"40":0,"41":0,"42":0,"43":0,"44":0,"45":1},"b":{"1":[0,0],"2":[0,0],"3":[0,0],"4":[0,0]},"f":{"1":1,"2":1,"3":0,"4":0,"5":0,"6":0,"7":0,"8":0,"9":0,"10":0,"11":0,"12":0,"13":0,"14":0},"fnMap":{"1":{"name":"getInitialState","line":14,"loc":{"start":{"line":14,"column":19},"end":{"line":14,"column":72}}},"2":{"name":"componentWillMount","line":19,"loc":{"start":{"line":19,"column":22},"end":{"line":19,"column":78}}},"3":{"name":"componentWillUnmount","line":22,"loc":{"start":{"line":22,"column":24},"end":{"line":22,"column":82}}},"4":{"name":"_onChange","line":27,"loc":{"start":{"line":27,"column":13},"end":{"line":27,"column":60}}},"5":{"name":"responseFacebook","line":33,"loc":{"start":{"line":33,"column":20},"end":{"line":33,"column":82}}},"6":{"name":"componentDidMount","line":55,"loc":{"start":{"line":55,"column":21},"end":{"line":55,"column":76}}},"7":{"name":"(anonymous_7)","line":61,"loc":{"start":{"line":61,"column":25},"end":{"line":61,"column":37}}},"8":{"name":"(anonymous_8)","line":75,"loc":{"start":{"line":75,"column":25},"end":{"line":75,"column":37}}},"9":{"name":"(anonymous_9)","line":83,"loc":{"start":{"line":83,"column":5},"end":{"line":83,"column":25}}},"10":{"name":"responseApi","line":94,"loc":{"start":{"line":94,"column":15},"end":{"line":94,"column":76}}},"11":{"name":"(anonymous_11)","line":95,"loc":{"start":{"line":95,"column":93},"end":{"line":95,"column":107}}},"12":{"name":"checkLoginState","line":101,"loc":{"start":{"line":101,"column":19},"end":{"line":101,"column":80}}},"13":{"name":"click","line":111,"loc":{"start":{"line":111,"column":9},"end":{"line":111,"column":53}}},"14":{"name":"render","line":115,"loc":{"start":{"line":115,"column":10},"end":{"line":115,"column":54}}}},"statementMap":{"1":{"start":{"line":2,"column":0},"end":{"line":2,"column":26},"skip":true},"2":{"start":{"line":3,"column":0},"end":{"line":3,"column":43}},"3":{"start":{"line":4,"column":0},"end":{"line":4,"column":31}},"4":{"start":{"line":5,"column":0},"end":{"line":5,"column":29}},"5":{"start":{"line":6,"column":0},"end":{"line":6,"column":40}},"6":{"start":{"line":7,"column":0},"end":{"line":7,"column":37}},"7":{"start":{"line":8,"column":0},"end":{"line":8,"column":37}},"8":{"start":{"line":9,"column":0},"end":{"line":9,"column":47}},"9":{"start":{"line":10,"column":0},"end":{"line":10,"column":52}},"10":{"start":{"line":13,"column":0},"end":{"line":122,"column":230}},"11":{"start":{"line":15,"column":4},"end":{"line":16,"column":18}},"12":{"start":{"line":20,"column":4},"end":{"line":20,"column":48}},"13":{"start":{"line":23,"column":4},"end":{"line":23,"column":51}},"14":{"start":{"line":28,"column":4},"end":{"line":28,"column":39}},"15":{"start":{"line":29,"column":4},"end":{"line":29,"column":35}},"16":{"start":{"line":35,"column":4},"end":{"line":35,"column":37}},"17":{"start":{"line":36,"column":4},"end":{"line":36,"column":48}},"18":{"start":{"line":56,"column":4},"end":{"line":56,"column":47}},"19":{"start":{"line":57,"column":4},"end":{"line":57,"column":26}},"20":{"start":{"line":59,"column":4},"end":{"line":59,"column":38}},"21":{"start":{"line":61,"column":4},"end":{"line":70,"column":51}},"22":{"start":{"line":62,"column":6},"end":{"line":66,"column":27}},"23":{"start":{"line":69,"column":6},"end":{"line":70,"column":49}},"24":{"start":{"line":70,"column":8},"end":{"line":70,"column":48}},"25":{"start":{"line":75,"column":4},"end":{"line":79,"column":29}},"26":{"start":{"line":76,"column":6},"end":{"line":79,"column":27}},"27":{"start":{"line":83,"column":4},"end":{"line":89,"column":42}},"28":{"start":{"line":84,"column":6},"end":{"line":84,"column":49}},"29":{"start":{"line":85,"column":6},"end":{"line":85,"column":41}},"30":{"start":{"line":85,"column":33},"end":{"line":85,"column":40}},"31":{"start":{"line":86,"column":6},"end":{"line":86,"column":30}},"32":{"start":{"line":86,"column":30},"end":{"line":86,"column":41}},"33":{"start":{"line":87,"column":6},"end":{"line":87,"column":53}},"34":{"start":{"line":88,"column":6},"end":{"line":88,"column":43}},"35":{"start":{"line":94,"column":103},"end":{"line":94,"column":120}},"36":{"start":{"line":95,"column":4},"end":{"line":97,"column":62}},"37":{"start":{"line":96,"column":6},"end":{"line":96,"column":48}},"38":{"start":{"line":97,"column":32},"end":{"line":97,"column":59}},"39":{"start":{"line":102,"column":4},"end":{"line":106,"column":61}},"40":{"start":{"line":103,"column":6},"end":{"line":103,"column":46}},"41":{"start":{"line":105,"column":6},"end":{"line":106,"column":60}},"42":{"start":{"line":106,"column":8},"end":{"line":106,"column":59}},"43":{"start":{"line":112,"column":4},"end":{"line":112,"column":71}},"44":{"start":{"line":116,"column":4},"end":{"line":122,"column":225}},"45":{"start":{"line":131,"column":0},"end":{"line":131,"column":21},"skip":true}},"branchMap":{"1":{"line":69,"type":"if","locations":[{"start":{"line":69,"column":6},"end":{"line":69,"column":6}},{"start":{"line":69,"column":6},"end":{"line":69,"column":6}}]},"2":{"line":85,"type":"if","locations":[{"start":{"line":85,"column":6},"end":{"line":85,"column":6}},{"start":{"line":85,"column":6},"end":{"line":85,"column":6}}]},"3":{"line":102,"type":"if","locations":[{"start":{"line":102,"column":4},"end":{"line":102,"column":4}},{"start":{"line":102,"column":4},"end":{"line":102,"column":4}}]},"4":{"line":105,"type":"if","locations":[{"start":{"line":105,"column":6},"end":{"line":105,"column":6}},{"start":{"line":105,"column":6},"end":{"line":105,"column":6}}]}},"l":{"2":1,"3":1,"4":1,"5":1,"6":1,"7":1,"8":1,"9":1,"10":1,"13":1,"15":1,"20":1,"23":0,"28":0,"29":0,"35":0,"36":0,"56":0,"57":0,"59":0,"61":0,"62":0,"69":0,"70":0,"75":0,"76":0,"83":0,"84":0,"85":0,"86":0,"87":0,"88":0,"94":0,"95":0,"96":0,"97":0,"102":0,"103":0,"105":0,"106":0,"112":0,"116":0,"131":1}},
"/Users/joshsilverstein/workspace/capstone/friendFinder/public/src/stores/userStore.js":{"path":"/Users/joshsilverstein/workspace/capstone/friendFinder/public/src/stores/userStore.js","s":{"1":1,"2":1,"3":1,"4":1,"5":1,"6":1,"7":1,"8":1,"9":0,"10":0,"11":0,"12":0,"13":0,"14":1,"15":0,"16":0,"17":0,"18":0,"19":0,"20":0,"21":0,"22":0,"23":1},"b":{"1":[0,0],"2":[0,0]},"f":{"1":0,"2":0,"3":0,"4":0,"5":0,"6":0},"fnMap":{"1":{"name":"addChangeListener","line":10,"loc":{"start":{"line":10,"column":21},"end":{"line":10,"column":84}}},"2":{"name":"removeChangeListener","line":14,"loc":{"start":{"line":14,"column":24},"end":{"line":14,"column":90}}},"3":{"name":"emitChange","line":18,"loc":{"start":{"line":18,"column":14},"end":{"line":18,"column":62}}},"4":{"name":"getAllUsers","line":22,"loc":{"start":{"line":22,"column":15},"end":{"line":22,"column":64}}},"5":{"name":"getUserById","line":27,"loc":{"start":{"line":27,"column":15},"end":{"line":27,"column":66}}},"6":{"name":"(anonymous_6)","line":36,"loc":{"start":{"line":36,"column":20},"end":{"line":36,"column":38}}}},"statementMap":{"1":{"start":{"line":1,"column":39},"end":{"line":1,"column":95},"skip":true},"2":{"start":{"line":2,"column":0},"end":{"line":2,"column":53}},"3":{"start":{"line":3,"column":0},"end":{"line":3,"column":50}},"4":{"start":{"line":4,"column":0},"end":{"line":4,"column":38}},"5":{"start":{"line":5,"column":0},"end":{"line":5,"column":28}},"6":{"start":{"line":6,"column":0},"end":{"line":6,"column":16}},"7":{"start":{"line":7,"column":0},"end":{"line":7,"column":26}},"8":{"start":{"line":9,"column":0},"end":{"line":29,"column":46}},"9":{"start":{"line":11,"column":4},"end":{"line":11,"column":36}},"10":{"start":{"line":15,"column":4},"end":{"line":15,"column":48}},"11":{"start":{"line":19,"column":4},"end":{"line":19,"column":28}},"12":{"start":{"line":24,"column":4},"end":{"line":24,"column":18}},"13":{"start":{"line":29,"column":4},"end":{"line":29,"column":41}},"14":{"start":{"line":36,"column":0},"end":{"line":64,"column":6}},"15":{"start":{"line":38,"column":2},"end":{"line":64,"column":3}},"16":{"start":{"line":41,"column":6},"end":{"line":41,"column":40}},"17":{"start":{"line":42,"column":6},"end":{"line":42,"column":29}},"18":{"start":{"line":44,"column":6},"end":{"line":44,"column":12}},"19":{"start":{"line":46,"column":6},"end":{"line":47,"column":34}},"20":{"start":{"line":47,"column":8},"end":{"line":47,"column":33}},"21":{"start":{"line":49,"column":6},"end":{"line":49,"column":29}},"22":{"start":{"line":50,"column":6},"end":{"line":50,"column":12}},"23":{"start":{"line":69,"column":0},"end":{"line":69,"column":27}}},"branchMap":{"1":{"line":38,"type":"switch","locations":[{"start":{"line":39,"column":4},"end":{"line":44,"column":12}},{"start":{"line":45,"column":4},"end":{"line":50,"column":12}}]},"2":{"line":46,"type":"if","locations":[{"start":{"line":46,"column":6},"end":{"line":46,"column":6}},{"start":{"line":46,"column":6},"end":{"line":46,"column":6}}]}},"l":{"1":1,"2":1,"3":1,"4":1,"5":1,"6":1,"7":1,"9":1,"11":0,"15":0,"19":0,"24":0,"29":0,"36":1,"38":0,"41":0,"42":0,"44":0,"46":0,"47":0,"49":0,"50":0,"69":1}},
"/Users/joshsilverstein/workspace/capstone/friendFinder/public/src/dispatcher/appDispatcher.js":{"path":"/Users/joshsilverstein/workspace/capstone/friendFinder/public/src/dispatcher/appDispatcher.js","s":{"1":1,"2":1},"b":{},"f":{},"fnMap":{},"statementMap":{"1":{"start":{"line":1,"column":39},"end":{"line":1,"column":83},"skip":true},"2":{"start":{"line":3,"column":0},"end":{"line":3,"column":34}}},"branchMap":{},"l":{"1":1,"3":1}},
"/Users/joshsilverstein/workspace/capstone/friendFinder/public/src/constants/actionTypes.js":{"path":"/Users/joshsilverstein/workspace/capstone/friendFinder/public/src/constants/actionTypes.js","s":{"1":1},"b":{},"f":{},"fnMap":{},"statementMap":{"1":{"start":{"line":1,"column":39},"end":{"line":4,"column":31},"skip":true}},"branchMap":{},"l":{"1":1}},
"/Users/joshsilverstein/workspace/capstone/friendFinder/public/src/actions/userActions.js":{"path":"/Users/joshsilverstein/workspace/capstone/friendFinder/public/src/actions/userActions.js","s":{"1":1,"2":1,"3":1,"4":0,"5":0,"6":0,"7":0,"8":0,"9":0,"10":0,"11":1},"b":{},"f":{"1":0,"2":0,"3":0,"4":0,"5":0,"6":0},"fnMap":{"1":{"name":"createUser","line":5,"loc":{"start":{"line":5,"column":14},"end":{"line":5,"column":66}}},"2":{"name":"error","line":13,"loc":{"start":{"line":13,"column":13},"end":{"line":13,"column":85}}},"3":{"name":"success","line":18,"loc":{"start":{"line":18,"column":15},"end":{"line":18,"column":64}}},"4":{"name":"findUserById","line":27,"loc":{"start":{"line":27,"column":16},"end":{"line":27,"column":68}}},"5":{"name":"error","line":35,"loc":{"start":{"line":35,"column":13},"end":{"line":35,"column":71}}},"6":{"name":"success","line":38,"loc":{"start":{"line":38,"column":15},"end":{"line":38,"column":64}}}},"statementMap":{"1":{"start":{"line":1,"column":39},"end":{"line":1,"column":95},"skip":true},"2":{"start":{"line":2,"column":0},"end":{"line":2,"column":54}},"3":{"start":{"line":4,"column":0},"end":{"line":41,"column":33}},"4":{"start":{"line":6,"column":4},"end":{"line":22,"column":29}},"5":{"start":{"line":14,"column":8},"end":{"line":14,"column":25}},"6":{"start":{"line":15,"column":8},"end":{"line":15,"column":33}},"7":{"start":{"line":20,"column":8},"end":{"line":22,"column":24}},"8":{"start":{"line":28,"column":4},"end":{"line":41,"column":29}},"9":{"start":{"line":36,"column":8},"end":{"line":36,"column":52}},"10":{"start":{"line":39,"column":8},"end":{"line":41,"column":24}},"11":{"start":{"line":48,"column":0},"end":{"line":48,"column":29}}},"branchMap":{},"l":{"1":1,"2":1,"4":1,"6":0,"14":0,"15":0,"20":0,"28":0,"36":0,"39":0,"48":1}}}
