{
"/Users/joshsilverstein/workspace/capstone/friendFinder/public/src/components/app.js":{"path":"/Users/joshsilverstein/workspace/capstone/friendFinder/public/src/components/app.js","s":{"1":1,"2":1,"3":1,"4":1,"5":1,"6":1},"b":{},"f":{"1":1},"fnMap":{"1":{"name":"render","line":8,"loc":{"start":{"line":8,"column":10},"end":{"line":8,"column":54}}}},"statementMap":{"1":{"start":{"line":3,"column":0},"end":{"line":3,"column":26}},"2":{"start":{"line":4,"column":0},"end":{"line":4,"column":31}},"3":{"start":{"line":5,"column":0},"end":{"line":5,"column":29}},"4":{"start":{"line":7,"column":0},"end":{"line":14,"column":200}},"5":{"start":{"line":9,"column":4},"end":{"line":14,"column":195}},"6":{"start":{"line":23,"column":0},"end":{"line":23,"column":21},"skip":true}},"branchMap":{},"l":{"3":1,"4":1,"5":1,"7":1,"9":1,"23":1}}}
