TN:
SF:/Users/joshsilverstein/workspace/capstone/friendFinder/public/src/components/app.js
FN:14,getInitialState
FN:19,componentWillMount
FN:22,componentWillUnmount
FN:27,_onChange
FN:33,responseFacebook
FN:55,componentDidMount
FN:61,(anonymous_7)
FN:75,(anonymous_8)
FN:83,(anonymous_9)
FN:94,responseApi
FN:95,(anonymous_11)
FN:101,checkLoginState
FN:111,click
FN:115,render
FNF:14
FNH:2
FNDA:1,getInitialState
FNDA:1,componentWillMount
FNDA:0,componentWillUnmount
FNDA:0,_onChange
FNDA:0,responseFacebook
FNDA:0,componentDidMount
FNDA:0,(anonymous_7)
FNDA:0,(anonymous_8)
FNDA:0,(anonymous_9)
FNDA:0,responseApi
FNDA:0,(anonymous_11)
FNDA:0,checkLoginState
FNDA:0,click
FNDA:0,render
DA:2,1
DA:3,1
DA:4,1
DA:5,1
DA:6,1
DA:7,1
DA:8,1
DA:9,1
DA:10,1
DA:13,1
DA:15,1
DA:20,1
DA:23,0
DA:28,0
DA:29,0
DA:35,0
DA:36,0
DA:56,0
DA:57,0
DA:59,0
DA:61,0
DA:62,0
DA:69,0
DA:70,0
DA:75,0
DA:76,0
DA:83,0
DA:84,0
DA:85,0
DA:86,0
DA:87,0
DA:88,0
DA:94,0
DA:95,0
DA:96,0
DA:97,0
DA:102,0
DA:103,0
DA:105,0
DA:106,0
DA:112,0
DA:116,0
DA:131,1
LF:43
LH:13
BRDA:69,1,0,0
BRDA:69,1,1,0
BRDA:85,2,0,0
BRDA:85,2,1,0
BRDA:102,3,0,0
BRDA:102,3,1,0
BRDA:105,4,0,0
BRDA:105,4,1,0
BRF:8
BRH:0
end_of_record
TN:
SF:/Users/joshsilverstein/workspace/capstone/friendFinder/public/src/stores/userStore.js
FN:10,addChangeListener
FN:14,removeChangeListener
FN:18,emitChange
FN:22,getAllUsers
FN:27,getUserById
FN:36,(anonymous_6)
FNF:6
FNH:0
FNDA:0,addChangeListener
FNDA:0,removeChangeListener
FNDA:0,emitChange
FNDA:0,getAllUsers
FNDA:0,getUserById
FNDA:0,(anonymous_6)
DA:1,1
DA:2,1
DA:3,1
DA:4,1
DA:5,1
DA:6,1
DA:7,1
DA:9,1
DA:11,0
DA:15,0
DA:19,0
DA:24,0
DA:29,0
DA:36,1
DA:38,0
DA:41,0
DA:42,0
DA:44,0
DA:46,0
DA:47,0
DA:49,0
DA:50,0
DA:69,1
LF:23
LH:10
BRDA:38,1,0,0
BRDA:38,1,1,0
BRDA:46,2,0,0
BRDA:46,2,1,0
BRF:4
BRH:0
end_of_record
TN:
SF:/Users/joshsilverstein/workspace/capstone/friendFinder/public/src/dispatcher/appDispatcher.js
FNF:0
FNH:0
DA:1,1
DA:3,1
LF:2
LH:2
BRF:0
BRH:0
end_of_record
TN:
SF:/Users/joshsilverstein/workspace/capstone/friendFinder/public/src/constants/actionTypes.js
FNF:0
FNH:0
DA:1,1
LF:1
LH:1
BRF:0
BRH:0
end_of_record
TN:
SF:/Users/joshsilverstein/workspace/capstone/friendFinder/public/src/actions/userActions.js
FN:5,createUser
FN:13,error
FN:18,success
FN:27,findUserById
FN:35,error
FN:38,success
FNF:6
FNH:0
FNDA:0,createUser
FNDA:0,error
FNDA:0,success
FNDA:0,findUserById
FNDA:0,error
FNDA:0,success
DA:1,1
DA:2,1
DA:4,1
DA:6,0
DA:14,0
DA:15,0
DA:20,0
DA:28,0
DA:36,0
DA:39,0
DA:48,1
LF:11
LH:4
BRF:0
BRH:0
end_of_record
